<?xml version="1.0" encoding="UTF-8"?>
<!-- Generated by org.testng.reporters.JUnitReportReporter -->
<testsuite hostname="DESKTOP-T0GPNL0" failures="0" tests="1" name="demo.PostDemo" time="1.351" errors="0" timestamp="2024-06-07T08:30:45 IST" skipped="0">
  <testcase classname="demo.PostDemo" name="postDemo" time="1.351"/>
</testsuite> <!-- demo.PostDemo -->
