<?xml version="1.0" encoding="UTF-8"?>
<!-- Generated by org.testng.reporters.JUnitReportReporter -->
<testsuite hostname="DESKTOP-T0GPNL0" failures="0" tests="1" name="demo.PatchDemo" time="1.366" errors="0" timestamp="2024-06-07T08:37:18 IST" skipped="0">
  <testcase classname="demo.PatchDemo" name="patchDemo" time="1.366"/>
</testsuite> <!-- demo.PatchDemo -->
