<?xml version="1.0" encoding="UTF-8"?>
<!-- Generated by org.testng.reporters.JUnitReportReporter -->
<testsuite hostname="DESKTOP-T0GPNL0" failures="0" tests="1" name="demo.GetDemo" time="1.285" errors="0" timestamp="2024-07-10T17:58:27 IST" skipped="0">
  <testcase classname="demo.GetDemo" name="getExample" time="1.285"/>
</testsuite> <!-- demo.GetDemo -->
