<?xml version="1.0" encoding="UTF-8"?>
<!-- Generated by org.testng.reporters.JUnitReportReporter -->
<testsuite hostname="DESKTOP-T0GPNL0" failures="0" tests="1" name="tests.GetAndPostExamples" time="2.332" errors="0" timestamp="2024-07-11T10:58:16 IST" skipped="0">
  <testcase classname="tests.GetAndPostExamples" name="testGet" time="2.332"/>
</testsuite> <!-- tests.GetAndPostExamples -->
