<?xml version="1.0" encoding="UTF-8"?>
<!-- Generated by org.testng.reporters.JUnitReportReporter -->
<testsuite hostname="DESKTOP-T0GPNL0" failures="0" tests="1" name="practice.JsonInformGet" time="1.276" errors="0" timestamp="2024-07-10T19:10:24 IST" skipped="0">
  <testcase classname="practice.JsonInformGet" name="getValue" time="1.276"/>
</testsuite> <!-- practice.JsonInformGet -->
