<?xml version="1.0" encoding="UTF-8"?>
<!-- Generated by org.testng.reporters.JUnitReportReporter -->
<testsuite hostname="DESKTOP-T0GPNL0" failures="0" tests="1" name="practice.practiceOne" time="1.292" errors="0" timestamp="2024-07-11T09:29:09 IST" skipped="0">
  <testcase classname="practice.practiceOne" name="sample" time="1.292"/>
</testsuite> <!-- practice.practiceOne -->
