<?xml version="1.0" encoding="UTF-8"?>
<!-- Generated by org.testng.reporters.JUnitReportReporter -->
<testsuite hostname="DESKTOP-T0GPNL0" failures="0" tests="1" name="testtry.SapleOne" time="2.031" errors="0" timestamp="2024-07-09T19:52:23 IST" skipped="0">
  <testcase classname="testtry.SapleOne" name="testOne" time="2.031"/>
</testsuite> <!-- testtry.SapleOne -->
