<?xml version="1.0" encoding="UTF-8"?>
<!-- Generated by org.testng.reporters.JUnitReportReporter -->
<testsuite hostname="DESKTOP-T0GPNL0" failures="0" tests="1" name="demo.JSONSchemaValidator" time="2.079" errors="0" timestamp="2024-06-07T09:27:13 IST" skipped="0">
  <testcase classname="demo.JSONSchemaValidator" name="getExample" time="2.079"/>
</testsuite> <!-- demo.JSONSchemaValidator -->
