<?xml version="1.0" encoding="UTF-8"?>
<!-- Generated by org.testng.reporters.JUnitReportReporter -->
<testsuite hostname="DESKTOP-T0GPNL0" failures="0" tests="1" name="tests.PutPatchDeleteExample" time="1.916" errors="0" timestamp="2024-06-07T08:03:52 IST" skipped="0">
  <testcase classname="tests.PutPatchDeleteExample" name="testDelete" time="1.916"/>
</testsuite> <!-- tests.PutPatchDeleteExample -->
