<?xml version="1.0" encoding="UTF-8"?>
<!-- Generated by org.testng.reporters.JUnitReportReporter -->
<testsuite hostname="DESKTOP-T0GPNL0" failures="0" tests="1" name="tests.TestsExamples" time="2.272" errors="0" timestamp="2024-06-06T16:24:05 IST" skipped="0">
  <testcase classname="tests.TestsExamples" name="test_2" time="2.272"/>
</testsuite> <!-- tests.TestsExamples -->
