<?xml version="1.0" encoding="UTF-8"?>
<!-- Generated by org.testng.reporters.JUnitReportReporter -->
<testsuite hostname="DESKTOP-T0GPNL0" failures="0" tests="1" name="demo.PutDemo" time="1.305" errors="0" timestamp="2024-06-07T08:35:13 IST" skipped="0">
  <testcase classname="demo.PutDemo" name="postDemo" time="1.305"/>
</testsuite> <!-- demo.PutDemo -->
